==3189== Memcheck, a memory error detector
==3189== Copyright (C) 2002-2013, and GNU GPL'd, by Julian Seward et al.
==3189== Using Valgrind-3.10.1 and LibVEX; rerun with -h for copyright info
==3189== Command: ./ex4
==3189== 
==3189== Use of uninitialised value of size 4
==3189==    at 0x4088711: _itoa_word (_itoa.c:179)
==3189==    by 0x408D469: vfprintf (vfprintf.c:1641)
==3189==    by 0x409359E: printf (printf.c:33)
==3189==    by 0x804841E: main (ex4.c:10)
==3189== 
==3189== Conditional jump or move depends on uninitialised value(s)
==3189==    at 0x4088719: _itoa_word (_itoa.c:179)
==3189==    by 0x408D469: vfprintf (vfprintf.c:1641)
==3189==    by 0x409359E: printf (printf.c:33)
==3189==    by 0x804841E: main (ex4.c:10)
==3189== 
==3189== Conditional jump or move depends on uninitialised value(s)
==3189==    at 0x408CE84: vfprintf (vfprintf.c:1641)
==3189==    by 0x409359E: printf (printf.c:33)
==3189==    by 0x804841E: main (ex4.c:10)
==3189== 
==3189== Conditional jump or move depends on uninitialised value(s)
==3189==    at 0x408D6CC: vfprintf (vfprintf.c:1641)
==3189==    by 0x409359E: printf (printf.c:33)
==3189==    by 0x804841E: main (ex4.c:10)
==3189== 
==3189== Conditional jump or move depends on uninitialised value(s)
==3189==    at 0x408CF35: vfprintf (vfprintf.c:1641)
==3189==    by 0x409359E: printf (printf.c:33)
==3189==    by 0x804841E: main (ex4.c:10)
==3189== 
==3189== Conditional jump or move depends on uninitialised value(s)
==3189==    at 0x408CF8B: vfprintf (vfprintf.c:1641)
==3189==    by 0x409359E: printf (printf.c:33)
==3189==    by 0x804841E: main (ex4.c:10)
==3189== 
==3189== Use of uninitialised value of size 4
==3189==    at 0x4088711: _itoa_word (_itoa.c:179)
==3189==    by 0x408D469: vfprintf (vfprintf.c:1641)
==3189==    by 0x409359E: printf (printf.c:33)
==3189==    by 0x8048431: main (ex4.c:11)
==3189== 
==3189== Conditional jump or move depends on uninitialised value(s)
==3189==    at 0x4088719: _itoa_word (_itoa.c:179)
==3189==    by 0x408D469: vfprintf (vfprintf.c:1641)
==3189==    by 0x409359E: printf (printf.c:33)
==3189==    by 0x8048431: main (ex4.c:11)
==3189== 
==3189== Conditional jump or move depends on uninitialised value(s)
==3189==    at 0x408CE84: vfprintf (vfprintf.c:1641)
==3189==    by 0x409359E: printf (printf.c:33)
==3189==    by 0x8048431: main (ex4.c:11)
==3189== 
==3189== Conditional jump or move depends on uninitialised value(s)
==3189==    at 0x408D6CC: vfprintf (vfprintf.c:1641)
==3189==    by 0x409359E: printf (printf.c:33)
==3189==    by 0x8048431: main (ex4.c:11)
==3189== 
==3189== Conditional jump or move depends on uninitialised value(s)
==3189==    at 0x408CF35: vfprintf (vfprintf.c:1641)
==3189==    by 0x409359E: printf (printf.c:33)
==3189==    by 0x8048431: main (ex4.c:11)
==3189== 
==3189== Conditional jump or move depends on uninitialised value(s)
==3189==    at 0x408CF8B: vfprintf (vfprintf.c:1641)
==3189==    by 0x409359E: printf (printf.c:33)
==3189==    by 0x8048431: main (ex4.c:11)
==3189== 
I'm -1095214572 years old.
I'm 0 inches tall.
==3189== 
==3189== HEAP SUMMARY:
==3189==     in use at exit: 0 bytes in 0 blocks
==3189==   total heap usage: 0 allocs, 0 frees, 0 bytes allocated
==3189== 
==3189== All heap blocks were freed -- no leaks are possible
==3189== 
==3189== For counts of detected and suppressed errors, rerun with: -v
==3189== Use --track-origins=yes to see where uninitialised values come from
==3189== ERROR SUMMARY: 30 errors from 12 contexts (suppressed: 0 from 0)
